app/build/intermediates/manifest_merge_blame_file/debug/processDebugMainManifest/manifest-merger-blame-debug-report.txt
1<?xml version="1.0" encoding="utf-8"?>
2<manifest xmlns:android="http://schemas.android.com/apk/res/android"
3    package="com.example.wakeway"
4    android:versionCode="1"
5    android:versionName="1.0" >
6
7    <uses-sdk
8        android:minSdkVersion="26"
9        android:targetSdkVersion="34" />
10
11    <!-- Network for map tiles -->
12    <uses-permission android:name="android.permission.INTERNET" />
12-->src\main\AndroidManifest.xml:5:5-67
12-->src\main\AndroidManifest.xml:5:22-64
13    <uses-permission android:name="android.permission.ACCESS_NETWORK_STATE" />
13-->src\main\AndroidManifest.xml:6:5-79
13-->src\main\AndroidManifest.xml:6:22-76
14
15    <!-- Location -->
16    <uses-permission android:name="android.permission.ACCESS_FINE_LOCATION" />
16-->src\main\AndroidManifest.xml:9:5-79
16-->src\main\AndroidManifest.xml:9:22-76
17    <uses-permission android:name="android.permission.ACCESS_COARSE_LOCATION" />
17-->src\main\AndroidManifest.xml:10:5-81
17-->src\main\AndroidManifest.xml:10:22-78
18    <uses-permission android:name="android.permission.ACCESS_BACKGROUND_LOCATION" />
18-->src\main\AndroidManifest.xml:11:5-85
18-->src\main\AndroidManifest.xml:11:22-82
19
20    <!-- Foreground Service -->
21    <uses-permission android:name="android.permission.FOREGROUND_SERVICE" />
21-->src\main\AndroidManifest.xml:14:5-77
21-->src\main\AndroidManifest.xml:14:22-74
22    <uses-permission android:name="android.permission.FOREGROUND_SERVICE_LOCATION" />
22-->src\main\AndroidManifest.xml:15:5-86
22-->src\main\AndroidManifest.xml:15:22-83
23    <uses-permission android:name="android.permission.WAKE_LOCK" />
23-->src\main\AndroidManifest.xml:16:5-68
23-->src\main\AndroidManifest.xml:16:22-65
24
25    <!-- Notifications (Android 13+) -->
26    <uses-permission android:name="android.permission.POST_NOTIFICATIONS" />
26-->src\main\AndroidManifest.xml:19:5-77
26-->src\main\AndroidManifest.xml:19:22-74
27
28    <!-- Vibration -->
29    <uses-permission android:name="android.permission.VIBRATE" />
29-->src\main\AndroidManifest.xml:22:5-66
29-->src\main\AndroidManifest.xml:22:22-63
30
31    <!-- Full-screen alarm popup (Android 14+) -->
32    <uses-permission android:name="android.permission.USE_FULL_SCREEN_INTENT" />
32-->src\main\AndroidManifest.xml:25:5-81
32-->src\main\AndroidManifest.xml:25:22-78
33
34    <permission
34-->[androidx.core:core:1.12.0] AndroidManifest.xml:22:5-24:47
35        android:name="com.example.wakeway.DYNAMIC_RECEIVER_NOT_EXPORTED_PERMISSION"
35-->[androidx.core:core:1.12.0] AndroidManifest.xml:23:9-81
36        android:protectionLevel="signature" />
36-->[androidx.core:core:1.12.0] AndroidManifest.xml:24:9-44
37
38    <uses-permission android:name="com.example.wakeway.DYNAMIC_RECEIVER_NOT_EXPORTED_PERMISSION" />
38-->[androidx.core:core:1.12.0] AndroidManifest.xml:26:5-97
38-->[androidx.core:core:1.12.0] AndroidManifest.xml:26:22-94
39
40    <supports-screens
40-->[org.osmdroid:osmdroid-android:6.1.18] AndroidManifest.xml:9:5-12:40
41        android:anyDensity="true"
41-->[org.osmdroid:osmdroid-android:6.1.18] AndroidManifest.xml:10:9-34
42        android:largeScreens="true"
42-->[org.osmdroid:osmdroid-android:6.1.18] AndroidManifest.xml:11:9-36
43        android:normalScreens="true" />
43-->[org.osmdroid:osmdroid-android:6.1.18] AndroidManifest.xml:12:9-37
44
45    <uses-feature
45-->[org.osmdroid:osmdroid-android:6.1.18] AndroidManifest.xml:14:5-16:36
46        android:name="android.hardware.location.network"
46-->[org.osmdroid:osmdroid-android:6.1.18] AndroidManifest.xml:15:9-57
47        android:required="false" />
47-->[org.osmdroid:osmdroid-android:6.1.18] AndroidManifest.xml:16:9-33
48    <uses-feature
48-->[org.osmdroid:osmdroid-android:6.1.18] AndroidManifest.xml:17:5-19:36
49        android:name="android.hardware.location.gps"
49-->[org.osmdroid:osmdroid-android:6.1.18] AndroidManifest.xml:18:9-53
50        android:required="false" />
50-->[org.osmdroid:osmdroid-android:6.1.18] AndroidManifest.xml:19:9-33
51    <uses-feature
51-->[org.osmdroid:osmdroid-android:6.1.18] AndroidManifest.xml:20:5-22:36
52        android:name="android.hardware.telephony"
52-->[org.osmdroid:osmdroid-android:6.1.18] AndroidManifest.xml:21:9-50
53        android:required="false" />
53-->[org.osmdroid:osmdroid-android:6.1.18] AndroidManifest.xml:22:9-33
54    <uses-feature
54-->[org.osmdroid:osmdroid-android:6.1.18] AndroidManifest.xml:23:5-25:36
55        android:name="android.hardware.wifi"
55-->[org.osmdroid:osmdroid-android:6.1.18] AndroidManifest.xml:24:9-45
56        android:required="false" />
56-->[org.osmdroid:osmdroid-android:6.1.18] AndroidManifest.xml:25:9-33
57
58    <application
58-->src\main\AndroidManifest.xml:27:5-64:19
59        android:allowBackup="true"
59-->src\main\AndroidManifest.xml:28:9-35
60        android:appComponentFactory="androidx.core.app.CoreComponentFactory"
60-->[androidx.core:core:1.12.0] AndroidManifest.xml:28:18-86
61        android:debuggable="true"
62        android:extractNativeLibs="false"
63        android:icon="@mipmap/ic_launcher"
63-->src\main\AndroidManifest.xml:29:9-43
64        android:label="WakeWay"
64-->src\main\AndroidManifest.xml:30:9-32
65        android:supportsRtl="true"
65-->src\main\AndroidManifest.xml:31:9-35
66        android:testOnly="true"
67        android:theme="@style/Theme.WakeWay" >
67-->src\main\AndroidManifest.xml:32:9-45
68
69        <!-- Main Activity -->
70        <activity
70-->src\main\AndroidManifest.xml:35:9-43:20
71            android:name="com.example.wakeway.MainActivity"
71-->src\main\AndroidManifest.xml:36:13-41
72            android:exported="true"
72-->src\main\AndroidManifest.xml:37:13-36
73            android:theme="@style/Theme.WakeWay" >
73-->src\main\AndroidManifest.xml:38:13-49
74            <intent-filter>
74-->src\main\AndroidManifest.xml:39:13-42:29
75                <action android:name="android.intent.action.MAIN" />
75-->src\main\AndroidManifest.xml:40:17-69
75-->src\main\AndroidManifest.xml:40:25-66
76
77                <category android:name="android.intent.category.LAUNCHER" />
77-->src\main\AndroidManifest.xml:41:17-77
77-->src\main\AndroidManifest.xml:41:27-74
78            </intent-filter>
79        </activity>
80
81        <!-- Wake Up (Alarm Dismiss) Activity -->
82        <activity
82-->src\main\AndroidManifest.xml:46:9-51:52
83            android:name="com.example.wakeway.WakeUpActivity"
83-->src\main\AndroidManifest.xml:47:13-43
84            android:exported="false"
84-->src\main\AndroidManifest.xml:48:13-37
85            android:showOnLockScreen="true"
85-->src\main\AndroidManifest.xml:49:13-44
86            android:theme="@style/Theme.WakeWay"
86-->src\main\AndroidManifest.xml:51:13-49
87            android:turnScreenOn="true" />
87-->src\main\AndroidManifest.xml:50:13-40
88
89        <!-- Foreground Service for trip monitoring -->
90        <service
90-->src\main\AndroidManifest.xml:54:9-57:56
91            android:name="com.example.wakeway.service.LocationForegroundService"
91-->src\main\AndroidManifest.xml:55:13-62
92            android:exported="false"
92-->src\main\AndroidManifest.xml:56:13-37
93            android:foregroundServiceType="location" />
93-->src\main\AndroidManifest.xml:57:13-53
94
95        <!-- Geofence BroadcastReceiver -->
96        <receiver
96-->src\main\AndroidManifest.xml:60:9-62:40
97            android:name="com.example.wakeway.receiver.GeofenceBroadcastReceiver"
97-->src\main\AndroidManifest.xml:61:13-63
98            android:exported="false" />
98-->src\main\AndroidManifest.xml:62:13-37
99
100        <activity
100-->[com.google.android.gms:play-services-base:18.1.0] AndroidManifest.xml:20:9-22:45
101            android:name="com.google.android.gms.common.api.GoogleApiActivity"
101-->[com.google.android.gms:play-services-base:18.1.0] AndroidManifest.xml:20:19-85
102            android:exported="false"
102-->[com.google.android.gms:play-services-base:18.1.0] AndroidManifest.xml:22:19-43
103            android:theme="@android:style/Theme.Translucent.NoTitleBar" />
103-->[com.google.android.gms:play-services-base:18.1.0] AndroidManifest.xml:21:19-78
104
105        <meta-data
105-->[com.google.android.gms:play-services-basement:18.1.0] AndroidManifest.xml:21:9-23:69
106            android:name="com.google.android.gms.version"
106-->[com.google.android.gms:play-services-basement:18.1.0] AndroidManifest.xml:22:13-58
107            android:value="@integer/google_play_services_version" />
107-->[com.google.android.gms:play-services-basement:18.1.0] AndroidManifest.xml:23:13-66
108
109        <activity
109-->[androidx.compose.ui:ui-tooling-android:1.6.0] AndroidManifest.xml:23:9-25:39
110            android:name="androidx.compose.ui.tooling.PreviewActivity"
110-->[androidx.compose.ui:ui-tooling-android:1.6.0] AndroidManifest.xml:24:13-71
111            android:exported="true" />
111-->[androidx.compose.ui:ui-tooling-android:1.6.0] AndroidManifest.xml:25:13-36
112
113        <provider
113-->[androidx.emoji2:emoji2:1.3.0] AndroidManifest.xml:24:9-32:20
114            android:name="androidx.startup.InitializationProvider"
114-->[androidx.emoji2:emoji2:1.3.0] AndroidManifest.xml:25:13-67
115            android:authorities="com.example.wakeway.androidx-startup"
115-->[androidx.emoji2:emoji2:1.3.0] AndroidManifest.xml:26:13-68
116            android:exported="false" >
116-->[androidx.emoji2:emoji2:1.3.0] AndroidManifest.xml:27:13-37
117            <meta-data
117-->[androidx.emoji2:emoji2:1.3.0] AndroidManifest.xml:29:13-31:52
118                android:name="androidx.emoji2.text.EmojiCompatInitializer"
118-->[androidx.emoji2:emoji2:1.3.0] AndroidManifest.xml:30:17-75
119                android:value="androidx.startup" />
119-->[androidx.emoji2:emoji2:1.3.0] AndroidManifest.xml:31:17-49
120            <meta-data
120-->[androidx.lifecycle:lifecycle-process:2.7.0] AndroidManifest.xml:29:13-31:52
121                android:name="androidx.lifecycle.ProcessLifecycleInitializer"
121-->[androidx.lifecycle:lifecycle-process:2.7.0] AndroidManifest.xml:30:17-78
122                android:value="androidx.startup" />
122-->[androidx.lifecycle:lifecycle-process:2.7.0] AndroidManifest.xml:31:17-49
123            <meta-data
123-->[androidx.profileinstaller:profileinstaller:1.3.0] AndroidManifest.xml:29:13-31:52
124                android:name="androidx.profileinstaller.ProfileInstallerInitializer"
124-->[androidx.profileinstaller:profileinstaller:1.3.0] AndroidManifest.xml:30:17-85
125                android:value="androidx.startup" />
125-->[androidx.profileinstaller:profileinstaller:1.3.0] AndroidManifest.xml:31:17-49
126        </provider>
127
128        <receiver
128-->[androidx.profileinstaller:profileinstaller:1.3.0] AndroidManifest.xml:34:9-52:20
129            android:name="androidx.profileinstaller.ProfileInstallReceiver"
129-->[androidx.profileinstaller:profileinstaller:1.3.0] AndroidManifest.xml:35:13-76
130            android:directBootAware="false"
130-->[androidx.profileinstaller:profileinstaller:1.3.0] AndroidManifest.xml:36:13-44
131            android:enabled="true"
131-->[androidx.profileinstaller:profileinstaller:1.3.0] AndroidManifest.xml:37:13-35
132            android:exported="true"
132-->[androidx.profileinstaller:profileinstaller:1.3.0] AndroidManifest.xml:38:13-36
133            android:permission="android.permission.DUMP" >
133-->[androidx.profileinstaller:profileinstaller:1.3.0] AndroidManifest.xml:39:13-57
134            <intent-filter>
134-->[androidx.profileinstaller:profileinstaller:1.3.0] AndroidManifest.xml:40:13-42:29
135                <action android:name="androidx.profileinstaller.action.INSTALL_PROFILE" />
135-->[androidx.profileinstaller:profileinstaller:1.3.0] AndroidManifest.xml:41:17-91
135-->[androidx.profileinstaller:profileinstaller:1.3.0] AndroidManifest.xml:41:25-88
136            </intent-filter>
137            <intent-filter>
137-->[androidx.profileinstaller:profileinstaller:1.3.0] AndroidManifest.xml:43:13-45:29
138                <action android:name="androidx.profileinstaller.action.SKIP_FILE" />
138-->[androidx.profileinstaller:profileinstaller:1.3.0] AndroidManifest.xml:44:17-85
138-->[androidx.profileinstaller:profileinstaller:1.3.0] AndroidManifest.xml:44:25-82
139            </intent-filter>
140            <intent-filter>
140-->[androidx.profileinstaller:profileinstaller:1.3.0] AndroidManifest.xml:46:13-48:29
141                <action android:name="androidx.profileinstaller.action.SAVE_PROFILE" />
141-->[androidx.profileinstaller:profileinstaller:1.3.0] AndroidManifest.xml:47:17-88
141-->[androidx.profileinstaller:profileinstaller:1.3.0] AndroidManifest.xml:47:25-85
142            </intent-filter>
143            <intent-filter>
143-->[androidx.profileinstaller:profileinstaller:1.3.0] AndroidManifest.xml:49:13-51:29
144                <action android:name="androidx.profileinstaller.action.BENCHMARK_OPERATION" />
144-->[androidx.profileinstaller:profileinstaller:1.3.0] AndroidManifest.xml:50:17-95
144-->[androidx.profileinstaller:profileinstaller:1.3.0] AndroidManifest.xml:50:25-92
145            </intent-filter>
146        </receiver>
147    </application>
148
149</manifest>